<?xml version="1.0" encoding="UTF-8"?>
<testsuite name="com.example.ajbTestingSandbox.AjbTestingSandboxApplicationTests" tests="1" skipped="0" failures="0" errors="0" timestamp="2023-11-21T00:43:40" hostname="BRANCHGAMING" time="0.497">
  <properties/>
  <testcase name="contextLoads()" classname="com.example.ajbTestingSandbox.AjbTestingSandboxApplicationTests" time="0.497"/>
  <system-out><![CDATA[18:43:37.707 [Test worker] INFO org.springframework.test.context.support.AnnotationConfigContextLoaderUtils -- Could not detect default configuration classes for test class [com.example.ajbTestingSandbox.AjbTestingSandboxApplicationTests]: AjbTestingSandboxApplicationTests does not declare any static, non-private, non-final, nested classes annotated with @Configuration.
18:43:37.773 [Test worker] INFO org.springframework.boot.test.context.SpringBootTestContextBootstrapper -- Found @SpringBootConfiguration com.example.ajbTestingSandbox.AjbTestingSandboxApplication for test class com.example.ajbTestingSandbox.AjbTestingSandboxApplicationTests
18:43:37.906 [Test worker] INFO org.springframework.boot.devtools.restart.RestartApplicationListener -- Restart disabled due to context in which it is running

  .   ____          _            __ _ _
 /\\ / ___'_ __ _ _(_)_ __  __ _ \ \ \ \
( ( )\___ | '_ | '_| | '_ \/ _` | \ \ \ \
 \\/  ___)| |_)| | | | | || (_| |  ) ) ) )
  '  |____| .__|_| |_|_| |_\__, | / / / /
 =========|_|==============|___/=/_/_/_/
 :: Spring Boot ::                (v3.1.5)

2023-11-20T18:43:38.082-06:00  INFO 39184 --- [    Test worker] c.e.a.AjbTestingSandboxApplicationTests  : Starting AjbTestingSandboxApplicationTests using Java 20.0.2 with PID 39184 (started by branc in C:\Users\branc\source\repos\TestingSandbox)
2023-11-20T18:43:38.084-06:00  INFO 39184 --- [    Test worker] c.e.a.AjbTestingSandboxApplicationTests  : No active profile set, falling back to 1 default profile: "default"
2023-11-20T18:43:38.554-06:00  INFO 39184 --- [    Test worker] .s.d.r.c.RepositoryConfigurationDelegate : Bootstrapping Spring Data JPA repositories in DEFAULT mode.
2023-11-20T18:43:38.571-06:00  INFO 39184 --- [    Test worker] .s.d.r.c.RepositoryConfigurationDelegate : Finished Spring Data repository scanning in 10 ms. Found 0 JPA repository interfaces.
2023-11-20T18:43:38.874-06:00  INFO 39184 --- [    Test worker] com.zaxxer.hikari.HikariDataSource       : HikariPool-1 - Starting...
2023-11-20T18:43:39.013-06:00  INFO 39184 --- [    Test worker] com.zaxxer.hikari.pool.HikariPool        : HikariPool-1 - Added connection conn0: url=jdbc:h2:mem:92a03db8-c94a-46a9-8763-5a9bd11ef8e6 user=SA
2023-11-20T18:43:39.014-06:00  INFO 39184 --- [    Test worker] com.zaxxer.hikari.HikariDataSource       : HikariPool-1 - Start completed.
2023-11-20T18:43:39.053-06:00  INFO 39184 --- [    Test worker] o.hibernate.jpa.internal.util.LogHelper  : HHH000204: Processing PersistenceUnitInfo [name: default]
2023-11-20T18:43:39.089-06:00  INFO 39184 --- [    Test worker] org.hibernate.Version                    : HHH000412: Hibernate ORM core version 6.2.13.Final
2023-11-20T18:43:39.090-06:00  INFO 39184 --- [    Test worker] org.hibernate.cfg.Environment            : HHH000406: Using bytecode reflection optimizer
2023-11-20T18:43:39.302-06:00  INFO 39184 --- [    Test worker] o.s.o.j.p.SpringPersistenceUnitInfo      : No LoadTimeWeaver setup: ignoring JPA class transformer
2023-11-20T18:43:39.518-06:00  INFO 39184 --- [    Test worker] o.h.e.t.j.p.i.JtaPlatformInitiator       : HHH000489: No JTA platform available (set 'hibernate.transaction.jta.platform' to enable JTA platform integration)
2023-11-20T18:43:39.521-06:00  INFO 39184 --- [    Test worker] j.LocalContainerEntityManagerFactoryBean : Initialized JPA EntityManagerFactory for persistence unit 'default'
2023-11-20T18:43:39.657-06:00  WARN 39184 --- [    Test worker] JpaBaseConfiguration$JpaWebConfiguration : spring.jpa.open-in-view is enabled by default. Therefore, database queries may be performed during view rendering. Explicitly configure spring.jpa.open-in-view to disable this warning
2023-11-20T18:43:39.924-06:00  WARN 39184 --- [    Test worker] o.s.b.a.m.MustacheAutoConfiguration      : Cannot find template location: classpath:/templates/ (please add some templates, check your Mustache configuration, or set spring.mustache.check-template-location=false)
2023-11-20T18:43:40.031-06:00  INFO 39184 --- [    Test worker] c.e.a.AjbTestingSandboxApplicationTests  : Started AjbTestingSandboxApplicationTests in 2.128 seconds (process running for 2.999)
]]></system-out>
  <system-err><![CDATA[]]></system-err>
</testsuite>
